<?xml version="1.0" encoding="UTF-8"?>
<testsuite xmlns:xsi="http://www.w3.org/2001/XMLSchema-instance" xsi:noNamespaceSchemaLocation="https://maven.apache.org/surefire/maven-surefire-plugin/xsd/surefire-test-report.xsd" name="com.grupod.FuncionarioTest" time="0.594" tests="20" errors="8" skipped="0" failures="8">
  <properties>
    <property name="sun.desktop" value="gnome"/>
    <property name="awt.toolkit" value="sun.awt.X11.XToolkit"/>
    <property name="file.encoding.pkg" value="sun.io"/>
    <property name="java.specification.version" value="1.8"/>
    <property name="sun.cpu.isalist" value=""/>
    <property name="sun.jnu.encoding" value="UTF-8"/>
    <property name="java.class.path" value="/home/nikolas/Desktop/junit_demo/target/test-classes:/home/nikolas/Desktop/junit_demo/target/classes:/home/nikolas/.m2/repository/org/junit/jupiter/junit-jupiter-engine/5.3.1/junit-jupiter-engine-5.3.1.jar:/home/nikolas/.m2/repository/org/apiguardian/apiguardian-api/1.0.0/apiguardian-api-1.0.0.jar:/home/nikolas/.m2/repository/org/junit/platform/junit-platform-engine/1.3.1/junit-platform-engine-1.3.1.jar:/home/nikolas/.m2/repository/org/junit/platform/junit-platform-commons/1.3.1/junit-platform-commons-1.3.1.jar:/home/nikolas/.m2/repository/org/opentest4j/opentest4j/1.1.1/opentest4j-1.1.1.jar:/home/nikolas/.m2/repository/org/junit/jupiter/junit-jupiter-api/5.3.1/junit-jupiter-api-5.3.1.jar:/home/nikolas/.m2/repository/org/junit/jupiter/junit-jupiter-params/5.1.0/junit-jupiter-params-5.1.0.jar:/home/nikolas/.m2/repository/org/mockito/mockito-all/1.9.5/mockito-all-1.9.5.jar:"/>
    <property name="java.vm.vendor" value="Oracle Corporation"/>
    <property name="sun.arch.data.model" value="64"/>
    <property name="java.vendor.url" value="http://java.oracle.com/"/>
    <property name="user.timezone" value=""/>
    <property name="java.vm.specification.version" value="1.8"/>
    <property name="os.name" value="Linux"/>
    <property name="user.country" value="US"/>
    <property name="sun.java.launcher" value="SUN_STANDARD"/>
    <property name="sun.boot.library.path" value="/usr/lib/jvm/java-8-oracle/jre/lib/amd64"/>
    <property name="sun.java.command" value="/home/nikolas/Desktop/junit_demo/target/surefire/surefirebooter198848980558969104.jar /home/nikolas/Desktop/junit_demo/target/surefire 2019-10-01T10-25-10_203-jvmRun1 surefire6701268141666821221tmp surefire_08419814564700724921tmp"/>
    <property name="surefire.test.class.path" value="/home/nikolas/Desktop/junit_demo/target/test-classes:/home/nikolas/Desktop/junit_demo/target/classes:/home/nikolas/.m2/repository/org/junit/jupiter/junit-jupiter-engine/5.3.1/junit-jupiter-engine-5.3.1.jar:/home/nikolas/.m2/repository/org/apiguardian/apiguardian-api/1.0.0/apiguardian-api-1.0.0.jar:/home/nikolas/.m2/repository/org/junit/platform/junit-platform-engine/1.3.1/junit-platform-engine-1.3.1.jar:/home/nikolas/.m2/repository/org/junit/platform/junit-platform-commons/1.3.1/junit-platform-commons-1.3.1.jar:/home/nikolas/.m2/repository/org/opentest4j/opentest4j/1.1.1/opentest4j-1.1.1.jar:/home/nikolas/.m2/repository/org/junit/jupiter/junit-jupiter-api/5.3.1/junit-jupiter-api-5.3.1.jar:/home/nikolas/.m2/repository/org/junit/jupiter/junit-jupiter-params/5.1.0/junit-jupiter-params-5.1.0.jar:/home/nikolas/.m2/repository/org/mockito/mockito-all/1.9.5/mockito-all-1.9.5.jar:"/>
    <property name="sun.cpu.endian" value="little"/>
    <property name="user.home" value="/home/nikolas"/>
    <property name="user.language" value="en"/>
    <property name="java.specification.vendor" value="Oracle Corporation"/>
    <property name="java.home" value="/usr/lib/jvm/java-8-oracle/jre"/>
    <property name="basedir" value="/home/nikolas/Desktop/junit_demo"/>
    <property name="file.separator" value="/"/>
    <property name="line.separator" value="&#10;"/>
    <property name="java.vm.specification.vendor" value="Oracle Corporation"/>
    <property name="java.specification.name" value="Java Platform API Specification"/>
    <property name="java.awt.graphicsenv" value="sun.awt.X11GraphicsEnvironment"/>
    <property name="surefire.real.class.path" value="/home/nikolas/Desktop/junit_demo/target/surefire/surefirebooter198848980558969104.jar:/home/nikolas/.m2/repository/org/jacoco/org.jacoco.agent/0.8.2/org.jacoco.agent-0.8.2-runtime.jar"/>
    <property name="sun.boot.class.path" value="/usr/lib/jvm/java-8-oracle/jre/lib/resources.jar:/usr/lib/jvm/java-8-oracle/jre/lib/rt.jar:/usr/lib/jvm/java-8-oracle/jre/lib/sunrsasign.jar:/usr/lib/jvm/java-8-oracle/jre/lib/jsse.jar:/usr/lib/jvm/java-8-oracle/jre/lib/jce.jar:/usr/lib/jvm/java-8-oracle/jre/lib/charsets.jar:/usr/lib/jvm/java-8-oracle/jre/lib/jfr.jar:/usr/lib/jvm/java-8-oracle/jre/classes"/>
    <property name="sun.management.compiler" value="HotSpot 64-Bit Tiered Compilers"/>
    <property name="java.runtime.version" value="1.8.0_201-b09"/>
    <property name="user.name" value="nikolas"/>
    <property name="path.separator" value=":"/>
    <property name="os.version" value="4.15.0-64-generic"/>
    <property name="java.endorsed.dirs" value="/usr/lib/jvm/java-8-oracle/jre/lib/endorsed"/>
    <property name="java.runtime.name" value="Java(TM) SE Runtime Environment"/>
    <property name="file.encoding" value="UTF-8"/>
    <property name="java.vm.name" value="Java HotSpot(TM) 64-Bit Server VM"/>
    <property name="localRepository" value="/home/nikolas/.m2/repository"/>
    <property name="java.vendor.url.bug" value="http://bugreport.sun.com/bugreport/"/>
    <property name="java.io.tmpdir" value="/tmp"/>
    <property name="java.version" value="1.8.0_201"/>
    <property name="user.dir" value="/home/nikolas/Desktop/junit_demo"/>
    <property name="os.arch" value="amd64"/>
    <property name="java.vm.specification.name" value="Java Virtual Machine Specification"/>
    <property name="java.awt.printerjob" value="sun.print.PSPrinterJob"/>
    <property name="sun.os.patch.level" value="unknown"/>
    <property name="java.library.path" value="/usr/java/packages/lib/amd64:/usr/lib64:/lib64:/lib:/usr/lib"/>
    <property name="java.vm.info" value="mixed mode"/>
    <property name="java.vendor" value="Oracle Corporation"/>
    <property name="java.vm.version" value="25.201-b09"/>
    <property name="java.ext.dirs" value="/usr/lib/jvm/java-8-oracle/jre/lib/ext:/usr/java/packages/lib/ext"/>
    <property name="sun.io.unicode.encoding" value="UnicodeLittle"/>
    <property name="java.class.version" value="52.0"/>
  </properties>
  <testcase name="getINSS{int, int}[1]" classname="com.grupod.FuncionarioTest" time="0.102"/>
  <testcase name="getINSS{int, int}[2]" classname="com.grupod.FuncionarioTest" time="0.025">
    <failure message="expected: &lt;45.0&gt; but was: &lt;450.0&gt;" type="org.opentest4j.AssertionFailedError"><![CDATA[org.opentest4j.AssertionFailedError: expected: <45.0> but was: <450.0>
	at com.grupod.FuncionarioTest.getINSS(FuncionarioTest.java:27)
]]></failure>
  </testcase>
  <testcase name="getINSS{int, int}[3]" classname="com.grupod.FuncionarioTest" time="0.002">
    <error message="Error resolving parameter at index 1" type="org.junit.jupiter.api.extension.ParameterResolutionException">org.junit.jupiter.api.extension.ParameterResolutionException: Error resolving parameter at index 1
Caused by: org.junit.jupiter.params.converter.ArgumentConversionException: Failed to convert String "112.50" to type java.lang.Integer
Caused by: java.lang.NumberFormatException: For input string: "112.50"
</error>
  </testcase>
  <testcase name="getINSS{int, int}[4]" classname="com.grupod.FuncionarioTest" time="0.002">
    <error message="Error resolving parameter at index 1" type="org.junit.jupiter.api.extension.ParameterResolutionException">org.junit.jupiter.api.extension.ParameterResolutionException: Error resolving parameter at index 1
Caused by: org.junit.jupiter.params.converter.ArgumentConversionException: Failed to convert String "112.54" to type java.lang.Integer
Caused by: java.lang.NumberFormatException: For input string: "112.54"
</error>
  </testcase>
  <testcase name="getINSS{int, int}[5]" classname="com.grupod.FuncionarioTest" time="0.002">
    <failure message="expected: &lt;4500.0&gt; but was: &lt;225.0&gt;" type="org.opentest4j.AssertionFailedError"><![CDATA[org.opentest4j.AssertionFailedError: expected: <4500.0> but was: <225.0>
	at com.grupod.FuncionarioTest.getINSS(FuncionarioTest.java:27)
]]></failure>
  </testcase>
  <testcase name="getINSS{int, int}[6]" classname="com.grupod.FuncionarioTest" time="0.002">
    <error message="Error resolving parameter at index 0" type="org.junit.jupiter.api.extension.ParameterResolutionException">org.junit.jupiter.api.extension.ParameterResolutionException: Error resolving parameter at index 0
Caused by: org.junit.jupiter.params.converter.ArgumentConversionException: Failed to convert String "111111.12" to type java.lang.Integer
Caused by: java.lang.NumberFormatException: For input string: "111111.12"
</error>
  </testcase>
  <testcase name="getINSS{int, int}[7]" classname="com.grupod.FuncionarioTest" time="0.002">
    <failure message="expected: &lt;5000.0&gt; but was: &lt;225.0&gt;" type="org.opentest4j.AssertionFailedError"><![CDATA[org.opentest4j.AssertionFailedError: expected: <5000.0> but was: <225.0>
	at com.grupod.FuncionarioTest.getINSS(FuncionarioTest.java:27)
]]></failure>
  </testcase>
  <testcase name="getIR{int, int}[1]" classname="com.grupod.FuncionarioTest" time="0.001"/>
  <testcase name="getIR{int, int}[2]" classname="com.grupod.FuncionarioTest" time="0.001"/>
  <testcase name="getIR{int, int}[3]" classname="com.grupod.FuncionarioTest" time="0.002">
    <error message="Error resolving parameter at index 1" type="org.junit.jupiter.api.extension.ParameterResolutionException">org.junit.jupiter.api.extension.ParameterResolutionException: Error resolving parameter at index 1
Caused by: org.junit.jupiter.params.converter.ArgumentConversionException: Failed to convert String "0.12" to type java.lang.Integer
Caused by: java.lang.NumberFormatException: For input string: "0.12"
</error>
  </testcase>
  <testcase name="getIR{int, int}[4]" classname="com.grupod.FuncionarioTest" time="0.001">
    <failure message="expected: &lt;11400.0&gt; but was: &lt;1140.0&gt;" type="org.opentest4j.AssertionFailedError"><![CDATA[org.opentest4j.AssertionFailedError: expected: <11400.0> but was: <1140.0>
	at com.grupod.FuncionarioTest.getIR(FuncionarioTest.java:36)
]]></failure>
  </testcase>
  <testcase name="getIR{int, int}[5]" classname="com.grupod.FuncionarioTest" time="0.001">
    <error message="Error resolving parameter at index 0" type="org.junit.jupiter.api.extension.ParameterResolutionException">org.junit.jupiter.api.extension.ParameterResolutionException: Error resolving parameter at index 0
Caused by: org.junit.jupiter.params.converter.ArgumentConversionException: Failed to convert String "111111.12" to type java.lang.Integer
Caused by: java.lang.NumberFormatException: For input string: "111111.12"
</error>
  </testcase>
  <testcase name="getIR{int, int}[6]" classname="com.grupod.FuncionarioTest" time="0.001">
    <failure message="expected: &lt;23700.0&gt; but was: &lt;2340.0&gt;" type="org.opentest4j.AssertionFailedError"><![CDATA[org.opentest4j.AssertionFailedError: expected: <23700.0> but was: <2340.0>
	at com.grupod.FuncionarioTest.getIR(FuncionarioTest.java:36)
]]></failure>
  </testcase>
  <testcase name="getSalarioLiquido{int, int}[1]" classname="com.grupod.FuncionarioTest" time="0"/>
  <testcase name="getSalarioLiquido{int, int}[2]" classname="com.grupod.FuncionarioTest" time="0.001">
    <failure message="expected: &lt;995.0&gt; but was: &lt;550.0&gt;" type="org.opentest4j.AssertionFailedError"><![CDATA[org.opentest4j.AssertionFailedError: expected: <995.0> but was: <550.0>
	at com.grupod.FuncionarioTest.getSalarioLiquido(FuncionarioTest.java:45)
]]></failure>
  </testcase>
  <testcase name="getSalarioLiquido{int, int}[3]" classname="com.grupod.FuncionarioTest" time="0.002">
    <error message="Error resolving parameter at index 1" type="org.junit.jupiter.api.extension.ParameterResolutionException">org.junit.jupiter.api.extension.ParameterResolutionException: Error resolving parameter at index 1
Caused by: org.junit.jupiter.params.converter.ArgumentConversionException: Failed to convert String "2387.50" to type java.lang.Integer
Caused by: java.lang.NumberFormatException: For input string: "2387.50"
</error>
  </testcase>
  <testcase name="getSalarioLiquido{int, int}[4]" classname="com.grupod.FuncionarioTest" time="0.001">
    <error message="Error resolving parameter at index 1" type="org.junit.jupiter.api.extension.ParameterResolutionException">org.junit.jupiter.api.extension.ParameterResolutionException: Error resolving parameter at index 1
Caused by: org.junit.jupiter.params.converter.ArgumentConversionException: Failed to convert String "2388.34" to type java.lang.Integer
Caused by: java.lang.NumberFormatException: For input string: "2388.34"
</error>
  </testcase>
  <testcase name="getSalarioLiquido{int, int}[5]" classname="com.grupod.FuncionarioTest" time="0.001">
    <failure message="expected: &lt;84100.0&gt; but was: &lt;98635.0&gt;" type="org.opentest4j.AssertionFailedError"><![CDATA[org.opentest4j.AssertionFailedError: expected: <84100.0> but was: <98635.0>
	at com.grupod.FuncionarioTest.getSalarioLiquido(FuncionarioTest.java:45)
]]></failure>
  </testcase>
  <testcase name="getSalarioLiquido{int, int}[6]" classname="com.grupod.FuncionarioTest" time="0.001">
    <error message="Error resolving parameter at index 0" type="org.junit.jupiter.api.extension.ParameterResolutionException">org.junit.jupiter.api.extension.ParameterResolutionException: Error resolving parameter at index 0
Caused by: org.junit.jupiter.params.converter.ArgumentConversionException: Failed to convert String "111111.12" to type java.lang.Integer
Caused by: java.lang.NumberFormatException: For input string: "111111.12"
</error>
  </testcase>
  <testcase name="getSalarioLiquido{int, int}[7]" classname="com.grupod.FuncionarioTest" time="0.001">
    <failure message="expected: &lt;171300.0&gt; but was: &lt;197435.0&gt;" type="org.opentest4j.AssertionFailedError"><![CDATA[org.opentest4j.AssertionFailedError: expected: <171300.0> but was: <197435.0>
	at com.grupod.FuncionarioTest.getSalarioLiquido(FuncionarioTest.java:45)
]]></failure>
  </testcase>
</testsuite>