<?xml version="1.0" encoding="UTF-8"?>
<testsuite xmlns:xsi="http://www.w3.org/2001/XMLSchema-instance" xsi:noNamespaceSchemaLocation="https://maven.apache.org/surefire/maven-surefire-plugin/xsd/surefire-test-report.xsd" name="com.grupod.FuncionarioTest" time="0.594" tests="20" errors="8" skipped="0" failures="8">
  <properties>
[...]
</properties>
  <testcase name="getINSS{int, int}[1]" classname="com.grupod.FuncionarioTest" time="0.102"/>
  <testcase name="getINSS{int, int}[2]" classname="com.grupod.FuncionarioTest" time="0.025">
    <failure message="expected: &lt;45.0&gt; but was: &lt;450.0&gt;" type="org.opentest4j.AssertionFailedError"><![CDATA[org.opentest4j.AssertionFailedError: expected: <45.0> but was: <450.0>
	at com.grupod.FuncionarioTest.getINSS(FuncionarioTest.java:27)
]]></failure>
  </testcase>
  <testcase name="getINSS{int, int}[3]" classname="com.grupod.FuncionarioTest" time="0.002">
    <error message="Error resolving parameter at index 1" type="org.junit.jupiter.api.extension.ParameterResolutionException">org.junit.jupiter.api.extension.ParameterResolutionException: Error resolving parameter at index 1
Caused by: org.junit.jupiter.params.converter.ArgumentConversionException: Failed to convert String "112.50" to type java.lang.Integer
Caused by: java.lang.NumberFormatException: For input string: "112.50"
</error>
  </testcase>
  <testcase name="getINSS{int, int}[4]" classname="com.grupod.FuncionarioTest" time="0.002">
    <error message="Error resolving parameter at index 1" type="org.junit.jupiter.api.extension.ParameterResolutionException">org.junit.jupiter.api.extension.ParameterResolutionException: Error resolving parameter at index 1
Caused by: org.junit.jupiter.params.converter.ArgumentConversionException: Failed to convert String "112.54" to type java.lang.Integer
Caused by: java.lang.NumberFormatException: For input string: "112.54"
</error>
  </testcase>
  <testcase name="getINSS{int, int}[5]" classname="com.grupod.FuncionarioTest" time="0.002">
    <failure message="expected: &lt;4500.0&gt; but was: &lt;225.0&gt;" type="org.opentest4j.AssertionFailedError"><![CDATA[org.opentest4j.AssertionFailedError: expected: <4500.0> but was: <225.0>
	at com.grupod.FuncionarioTest.getINSS(FuncionarioTest.java:27)
]]></failure>
  </testcase>
  <testcase name="getINSS{int, int}[6]" classname="com.grupod.FuncionarioTest" time="0.002">
    <error message="Error resolving parameter at index 0" type="org.junit.jupiter.api.extension.ParameterResolutionException">org.junit.jupiter.api.extension.ParameterResolutionException: Error resolving parameter at index 0
Caused by: org.junit.jupiter.params.converter.ArgumentConversionException: Failed to convert String "111111.12" to type java.lang.Integer
Caused by: java.lang.NumberFormatException: For input string: "111111.12"
</error>
  </testcase>
  <testcase name="getINSS{int, int}[7]" classname="com.grupod.FuncionarioTest" time="0.002">
    <failure message="expected: &lt;5000.0&gt; but was: &lt;225.0&gt;" type="org.opentest4j.AssertionFailedError"><![CDATA[org.opentest4j.AssertionFailedError: expected: <5000.0> but was: <225.0>
	at com.grupod.FuncionarioTest.getINSS(FuncionarioTest.java:27)
]]></failure>
  </testcase>
  <testcase name="getIR{int, int}[1]" classname="com.grupod.FuncionarioTest" time="0.001"/>
  <testcase name="getIR{int, int}[2]" classname="com.grupod.FuncionarioTest" time="0.001"/>
  <testcase name="getIR{int, int}[3]" classname="com.grupod.FuncionarioTest" time="0.002">
    <error message="Error resolving parameter at index 1" type="org.junit.jupiter.api.extension.ParameterResolutionException">org.junit.jupiter.api.extension.ParameterResolutionException: Error resolving parameter at index 1
Caused by: org.junit.jupiter.params.converter.ArgumentConversionException: Failed to convert String "0.12" to type java.lang.Integer
Caused by: java.lang.NumberFormatException: For input string: "0.12"
</error>
  </testcase>
  <testcase name="getIR{int, int}[4]" classname="com.grupod.FuncionarioTest" time="0.001">
    <failure message="expected: &lt;11400.0&gt; but was: &lt;1140.0&gt;" type="org.opentest4j.AssertionFailedError"><![CDATA[org.opentest4j.AssertionFailedError: expected: <11400.0> but was: <1140.0>
	at com.grupod.FuncionarioTest.getIR(FuncionarioTest.java:36)
]]></failure>
  </testcase>
  <testcase name="getIR{int, int}[5]" classname="com.grupod.FuncionarioTest" time="0.001">
    <error message="Error resolving parameter at index 0" type="org.junit.jupiter.api.extension.ParameterResolutionException">org.junit.jupiter.api.extension.ParameterResolutionException: Error resolving parameter at index 0
Caused by: org.junit.jupiter.params.converter.ArgumentConversionException: Failed to convert String "111111.12" to type java.lang.Integer
Caused by: java.lang.NumberFormatException: For input string: "111111.12"
</error>
  </testcase>
  <testcase name="getIR{int, int}[6]" classname="com.grupod.FuncionarioTest" time="0.001">
    <failure message="expected: &lt;23700.0&gt; but was: &lt;2340.0&gt;" type="org.opentest4j.AssertionFailedError"><![CDATA[org.opentest4j.AssertionFailedError: expected: <23700.0> but was: <2340.0>
	at com.grupod.FuncionarioTest.getIR(FuncionarioTest.java:36)
]]></failure>
  </testcase>
  <testcase name="getSalarioLiquido{int, int}[1]" classname="com.grupod.FuncionarioTest" time="0"/>
  <testcase name="getSalarioLiquido{int, int}[2]" classname="com.grupod.FuncionarioTest" time="0.001">
    <failure message="expected: &lt;995.0&gt; but was: &lt;550.0&gt;" type="org.opentest4j.AssertionFailedError"><![CDATA[org.opentest4j.AssertionFailedError: expected: <995.0> but was: <550.0>
	at com.grupod.FuncionarioTest.getSalarioLiquido(FuncionarioTest.java:45)
]]></failure>
  </testcase>
  <testcase name="getSalarioLiquido{int, int}[3]" classname="com.grupod.FuncionarioTest" time="0.002">
    <error message="Error resolving parameter at index 1" type="org.junit.jupiter.api.extension.ParameterResolutionException">org.junit.jupiter.api.extension.ParameterResolutionException: Error resolving parameter at index 1
Caused by: org.junit.jupiter.params.converter.ArgumentConversionException: Failed to convert String "2387.50" to type java.lang.Integer
Caused by: java.lang.NumberFormatException: For input string: "2387.50"
</error>
  </testcase>
  <testcase name="getSalarioLiquido{int, int}[4]" classname="com.grupod.FuncionarioTest" time="0.001">
    <error message="Error resolving parameter at index 1" type="org.junit.jupiter.api.extension.ParameterResolutionException">org.junit.jupiter.api.extension.ParameterResolutionException: Error resolving parameter at index 1
Caused by: org.junit.jupiter.params.converter.ArgumentConversionException: Failed to convert String "2388.34" to type java.lang.Integer
Caused by: java.lang.NumberFormatException: For input string: "2388.34"
</error>
  </testcase>
  <testcase name="getSalarioLiquido{int, int}[5]" classname="com.grupod.FuncionarioTest" time="0.001">
    <failure message="expected: &lt;84100.0&gt; but was: &lt;98635.0&gt;" type="org.opentest4j.AssertionFailedError"><![CDATA[org.opentest4j.AssertionFailedError: expected: <84100.0> but was: <98635.0>
	at com.grupod.FuncionarioTest.getSalarioLiquido(FuncionarioTest.java:45)
]]></failure>
  </testcase>
  <testcase name="getSalarioLiquido{int, int}[6]" classname="com.grupod.FuncionarioTest" time="0.001">
    <error message="Error resolving parameter at index 0" type="org.junit.jupiter.api.extension.ParameterResolutionException">org.junit.jupiter.api.extension.ParameterResolutionException: Error resolving parameter at index 0
Caused by: org.junit.jupiter.params.converter.ArgumentConversionException: Failed to convert String "111111.12" to type java.lang.Integer
Caused by: java.lang.NumberFormatException: For input string: "111111.12"
</error>
  </testcase>
  <testcase name="getSalarioLiquido{int, int}[7]" classname="com.grupod.FuncionarioTest" time="0.001">
    <failure message="expected: &lt;171300.0&gt; but was: &lt;197435.0&gt;" type="org.opentest4j.AssertionFailedError"><![CDATA[org.opentest4j.AssertionFailedError: expected: <171300.0> but was: <197435.0>
	at com.grupod.FuncionarioTest.getSalarioLiquido(FuncionarioTest.java:45)
]]></failure>
  </testcase>
</testsuite>